Start testing: Mar 22 16:00 South Africa Standard Time
----------------------------------------------------------
2/2 Testing: smoke_model_1
2/2 Test: smoke_model_1
Command: "D:/mfree_iwf_ul_cut_refine_windows_ver/build/mfree_iwf.exe" "--smoke" "-m" "1"
Directory: D:/mfree_iwf_ul_cut_refine_windows_ver/build
"smoke_model_1" start time: Mar 22 16:00 South Africa Standard Time
Output:
----------------------------------------------------------
running model 1
feed: 0.000200, dt 7.651565e-10, num_part 10251
<<< single-resolution simulation >>>
starting simulation: particles=10251 dt=7.651565e-10 t_final=7.651565e-07 steps=1000 print_every=1000
000000: #increments 000000, cur time 0.000000e+00, pctg done 0.000000, seconds left: 0.000000
000001: #increments 001000, cur time 7.651565e-07, pctg done 100.000000, seconds left: 0.000000
Runtime: 26.903935
<end of output>
Test time =  27.08 sec
----------------------------------------------------------
Test Passed.
"smoke_model_1" end time: Mar 22 16:00 South Africa Standard Time
"smoke_model_1" time elapsed: 00:00:27
----------------------------------------------------------

End testing: Mar 22 16:00 South Africa Standard Time
